<?xml version="1.0" encoding="UTF-8" ?>
<testsuite errors="0" failures="0" hostname="redlalitp-VirtualBox" name="spring15_CS445.model.ShipmentResponseTest" skipped="0" tests="10" time="0.006" timestamp="2015-09-23T13:32:04">
  <properties>
    <property name="file.encoding.pkg" value="sun.io" />
    <property name="ivy.retrieve.pattern.ivy.instance" value="/home/redlalitp/VIN_FINAL/coverage/lib/[artifact]-[revision](-[classifier]).[ext]" />
    <property name="java.vendor.url.ivy.instance" value="http://java.oracle.com/" />
    <property name="ivy.local.default.ivy.pattern.ivy.instance" value="[organisation]/[module]/[revision]/[type]s/[artifact].[ext]" />
    <property name="ivy.project.dir.ivy.instance" value="/home/redlalitp/VIN_FINAL/coverage" />
    <property name="ivy.resolve.default.type.filter" value="*" />
    <property name="java.home" value="/usr/lib/jvm/java-8-oracle/jre" />
    <property name="ivy.configurations.ivy.instance" value="*" />
    <property name="sonar.projectKey" value="org.adrian:hello" />
    <property name="test.src.dir" value="../test" />
    <property name="ivy.basedir.ivy.instance" value="/home/redlalitp/VIN_FINAL/coverage" />
    <property name="ivy.dep.file.ivy.instance" value="ivy.xml" />
    <property name="java.endorsed.dirs" value="/usr/lib/jvm/java-8-oracle/jre/lib/endorsed" />
    <property name="java.class.path.ivy.instance" value="/usr/share/ant/lib/ant-launcher.jar:/usr/share/java/xmlParserAPIs.jar:/usr/share/java/xercesImpl.jar:/home/redlalitp/.ant/lib/ivy.jar:/usr/share/ant/lib/ant-apache-log4j.jar:/usr/share/ant/lib/ant-apache-bcel.jar:/usr/share/ant/lib/ant-swing.jar:/usr/share/ant/lib/ant-apache-xalan2.jar:/usr/share/ant/lib/ant-antlr.jar:/usr/share/ant/lib/ant-jdepend.jar:/usr/share/ant/lib/ant-testutil.jar:/usr/share/ant/lib/ant-junit.jar:/usr/share/ant/lib/ant-jsch.jar:/usr/share/ant/lib/ant-apache-regexp.jar:/usr/share/ant/lib/ant-apache-oro.jar:/usr/share/ant/lib/ant-apache-bsf.jar:/usr/share/ant/lib/ant.jar:/usr/share/ant/lib/ant-jmf.jar:/usr/share/ant/lib/ant-junit4.jar:/usr/share/ant/lib/ant-javamail.jar:/usr/share/ant/lib/ant-commons-net.jar:/usr/share/ant/lib/ivy-2.4.0-rc1.jar:/usr/share/ant/lib/ant-apache-resolver.jar:/usr/share/ant/lib/junit.jar:/usr/share/ant/lib/ant-commons-logging.jar:/usr/share/ant/lib/ant-launcher.jar:/usr/lib/jvm/java-8-oracle/lib/tools.jar" />
    <property name="ivy.home" value="/home/redlalitp/.ivy2" />
    <property name="src.dir" value="../src" />
    <property name="java.vm.specification.vendor.ivy.instance" value="Oracle Corporation" />
    <property name="sun.os.patch.level" value="unknown" />
    <property name="ivy.dep.file" value="ivy.xml" />
    <property name="java.vendor.url" value="http://java.oracle.com/" />
    <property name="ivy.local.default.artifact.pattern.ivy.instance" value="[organisation]/[module]/[revision]/[type]s/[artifact].[ext]" />
    <property name="ivy.lib.dir.ivy.instance" value="/home/redlalitp/VIN_FINAL/coverage/lib" />
    <property name="java.version" value="1.8.0_60" />
    <property name="ivy.conf.dir.ivy.instance" value="jar:file:/home/redlalitp/.ant/lib/ivy.jar!/org/apache/ivy/core/settings" />
    <property name="sun.boot.library.path.ivy.instance" value="/usr/lib/jvm/java-8-oracle/jre/lib/i386" />
    <property name="ivy.report.output.pattern.ivy.instance" value="[organisation]-[module]-[conf].[ext]" />
    <property name="ivy.module" value="demo" />
    <property name="ivy.publish.src.artifacts.pattern.ivy.instance" value="/home/redlalitp/VIN_FINAL/coverage/distrib/[type]s/[artifact]-[revision](-[classifier]).[ext]" />
    <property name="java.vendor.url.bug" value="http://bugreport.sun.com/bugreport/" />
    <property name="sun.management.compiler.ivy.instance" value="HotSpot Client Compiler" />
    <property name="ant.project.invoked-targets" value="test-report" />
    <property name="ivy.local.default.artifact.pattern" value="[organisation]/[module]/[revision]/[type]s/[artifact].[ext]" />
    <property name="os.name.ivy.instance" value="Linux" />
    <property name="ivy.default.ivy.user.dir.ivy.instance" value="/home/redlalitp/.ivy2" />
    <property name="ivy.default.always.check.exact.revision" value="false" />
    <property name="sonar.tests" value="../test" />
    <property name="ivy.default.settings.dir.ivy.instance" value="jar:file:/home/redlalitp/.ant/lib/ivy.jar!/org/apache/ivy/core/settings" />
    <property name="user.name" value="redlalitp" />
    <property name="sun.io.unicode.encoding" value="UnicodeLittle" />
    <property name="ivy.shared.default.root.ivy.instance" value="/home/redlalitp/.ivy2/shared" />
    <property name="sun.jnu.encoding" value="UTF-8" />
    <property name="java.runtime.name" value="Java(TM) SE Runtime Environment" />
    <property name="ant.home.ivy.instance" value="/usr/share/ant" />
    <property name="file.encoding.ivy.instance" value="UTF-8" />
    <property name="ivy.cache.ttl.default.ivy.instance" value="10s" />
    <property name="sonar.projectName" value="Adrian Hello" />
    <property name="java.specification.vendor.ivy.instance" value="Oracle Corporation" />
    <property name="java.vendor.ivy.instance" value="Oracle Corporation" />
    <property name="sun.cpu.isalist.ivy.instance" value="" />
    <property name="java.specification.name" value="Java Platform API Specification" />
    <property name="user.timezone" value="" />
    <property name="java.endorsed.dirs.ivy.instance" value="/usr/lib/jvm/java-8-oracle/jre/lib/endorsed" />
    <property name="path.separator" value=":" />
    <property name="java.class.version.ivy.instance" value="52.0" />
    <property name="ivy.default.conf.dir" value="jar:file:/home/redlalitp/.ant/lib/ivy.jar!/org/apache/ivy/core/settings" />
    <property name="file.encoding" value="UTF-8" />
    <property name="java.runtime.name.ivy.instance" value="Java(TM) SE Runtime Environment" />
    <property name="ivy.resolve.default.type.filter.ivy.instance" value="*" />
    <property name="ant.project.default-target" value="test-report" />
    <property name="_jacoco.agentFile" value="/tmp/jacocoagent7751685477114276947.jar" />
    <property name="sun.java.command" value="org.apache.tools.ant.taskdefs.optional.junit.JUnitTestRunner testsfile=/home/redlalitp/VIN_FINAL/coverage/junittestcases7962255505801620879.properties skipNonTests=false filtertrace=true haltOnError=false haltOnFailure=false showoutput=false outputtoformatters=true logfailedtests=true logtestlistenerevents=false formatter=org.apache.tools.ant.taskdefs.optional.junit.XMLJUnitResultFormatter,/home/redlalitp/VIN_FINAL/build/reports/junit/IGNORETHIS.xml crashfile=/home/redlalitp/VIN_FINAL/coverage/junitvmwatcher3864394196600638486.properties propsfile=/home/redlalitp/VIN_FINAL/coverage/junit1895752386510893262.properties" />
    <property name="ivy.shared.default.artifact.pattern" value="[organisation]/[module]/[revision]/[type]s/[artifact].[ext]" />
    <property name="ant.file" value="/home/redlalitp/VIN_FINAL/coverage/build.xml" />
    <property name="ivy.distrib.dir.ivy.instance" value="/home/redlalitp/VIN_FINAL/coverage/distrib" />
    <property name="ivy.checksums.ivy.instance" value="sha1,md5" />
    <property name="sun.arch.data.model.ivy.instance" value="32" />
    <property name="ivy.build.artifacts.dir.ivy.instance" value="/home/redlalitp/VIN_FINAL/coverage/build/artifacts" />
    <property name="ivy.settings.file" value="ivysettings.xml" />
    <property name="java.io.tmpdir" value="/tmp" />
    <property name="ivy.buildlist.ivyfilepath.ivy.instance" value="ivy.xml" />
    <property name="sonar.jacoco.reportPath" value="../build/jacoco.exec" />
    <property name="ivy.cache.ttl.default" value="10s" />
    <property name="user.language" value="en" />
    <property name="user.dir.ivy.instance" value="/home/redlalitp/VIN_FINAL/coverage" />
    <property name="ivy.home.ivy.instance" value="/home/redlalitp/.ivy2" />
    <property name="line.separator" value="&#xa;" />
    <property name="java.specification.version.ivy.instance" value="1.8" />
    <property name="ant.file.type" value="file" />
    <property name="ivy.build.artifacts.dir" value="/home/redlalitp/VIN_FINAL/coverage/build/artifacts" />
    <property name="sun.io.unicode.encoding.ivy.instance" value="UnicodeLittle" />
    <property name="ivy.status" value="integration" />
    <property name="java.vm.info" value="mixed mode" />
    <property name="ivy.lib.dir" value="/home/redlalitp/VIN_FINAL/coverage/lib" />
    <property name="sun.desktop" value="gnome" />
    <property name="java.vm.specification.name" value="Java Virtual Machine Specification" />
    <property name="ivy.default.conf.dir.ivy.instance" value="jar:file:/home/redlalitp/.ant/lib/ivy.jar!/org/apache/ivy/core/settings" />
    <property name="sonar.junit.reportsPath" value="../build/reports/junit" />
    <property name="java.vm.version.ivy.instance" value="25.60-b23" />
    <property name="sonar.projectVersion" value="0.0.1-SNAPSHOT" />
    <property name="test.classes.dir" value="../build/test-classes" />
    <property name="user.name.ivy.instance" value="redlalitp" />
    <property name="ivy.cache.dir" value="/home/redlalitp/.ivy2/cache" />
    <property name="java.awt.printerjob" value="sun.print.PSPrinterJob" />
    <property name="java.io.tmpdir.ivy.instance" value="/tmp" />
    <property name="ant.version" value="Apache Ant(TM) version 1.9.3 compiled on April 8 2014" />
    <property name="java.home.ivy.instance" value="/usr/lib/jvm/java-8-oracle/jre" />
    <property name="java.vm.vendor.ivy.instance" value="Oracle Corporation" />
    <property name="ivy.default.settings.dir" value="jar:file:/home/redlalitp/.ant/lib/ivy.jar!/org/apache/ivy/core/settings" />
    <property name="ivy.isInstalled" value="true" />
    <property name="ivy.configurations" value="*" />
    <property name="ivy.settings.url" value="jar:file:/home/redlalitp/.ant/lib/ivy.jar!/org/apache/ivy/core/settings/ivysettings.xml" />
    <property name="os.name" value="Linux" />
    <property name="java.specification.vendor" value="Oracle Corporation" />
    <property name="sun.jnu.encoding.ivy.instance" value="UTF-8" />
    <property name="ivy.deliver.ivy.pattern.ivy.instance" value="/home/redlalitp/VIN_FINAL/coverage/distrib/[type]s/[artifact]-[revision](-[classifier]).[ext]" />
    <property name="ivy.checksums" value="sha1,md5" />
    <property name="java.vm.name" value="Java HotSpot(TM) Client VM" />
    <property name="ivy.log.modules.in.use" value="false" />
    <property name="java.runtime.version.ivy.instance" value="1.8.0_60-b27" />
    <property name="ivy.report.output.pattern" value="[organisation]-[module]-[conf].[ext]" />
    <property name="ivy.version" value="2.3.0" />
    <property name="java.library.path" value="/usr/java/packages/lib/i386:/lib:/usr/lib" />
    <property name="ivy.conf.url" value="jar:file:/home/redlalitp/.ant/lib/ivy.jar!/org/apache/ivy/core/settings/ivysettings.xml" />
    <property name="java.vm.name.ivy.instance" value="Java HotSpot(TM) Client VM" />
    <property name="os.version.ivy.instance" value="3.13.0-63-generic" />
    <property name="line.separator.ivy.instance" value="&#xa;" />
    <property name="ant.java.version" value="1.8" />
    <property name="sun.desktop.ivy.instance" value="gnome" />
    <property name="sun.cpu.endian.ivy.instance" value="little" />
    <property name="java.vm.specification.name.ivy.instance" value="Java Virtual Machine Specification" />
    <property name="basedir" value="/home/redlalitp/VIN_FINAL/coverage" />
    <property name="java.class.version" value="52.0" />
    <property name="ivy.settings.url.ivy.instance" value="jar:file:/home/redlalitp/.ant/lib/ivy.jar!/org/apache/ivy/core/settings/ivysettings.xml" />
    <property name="path.separator.ivy.instance" value=":" />
    <property name="sun.boot.class.path.ivy.instance" value="/usr/lib/jvm/java-8-oracle/jre/lib/resources.jar:/usr/lib/jvm/java-8-oracle/jre/lib/rt.jar:/usr/lib/jvm/java-8-oracle/jre/lib/sunrsasign.jar:/usr/lib/jvm/java-8-oracle/jre/lib/jsse.jar:/usr/lib/jvm/java-8-oracle/jre/lib/jce.jar:/usr/lib/jvm/java-8-oracle/jre/lib/charsets.jar:/usr/lib/jvm/java-8-oracle/jre/lib/jfr.jar:/usr/lib/jvm/java-8-oracle/jre/classes" />
    <property name="sonar.binaries" value="../build/classes" />
    <property name="ant.home" value="/usr/share/ant" />
    <property name="ivy.resolved.configurations" value="compile, test, build" />
    <property name="ivy.deliver.ivy.pattern" value="/home/redlalitp/VIN_FINAL/coverage/distrib/[type]s/[artifact]-[revision](-[classifier]).[ext]" />
    <property name="sun.boot.library.path" value="/usr/lib/jvm/java-8-oracle/jre/lib/i386" />
    <property name="build.dir" value="../build" />
    <property name="ivy.default.always.check.exact.revision.ivy.instance" value="false" />
    <property name="java.library.path.ivy.instance" value="/usr/java/packages/lib/i386:/lib:/usr/lib" />
    <property name="awt.toolkit.ivy.instance" value="sun.awt.X11.XToolkit" />
    <property name="ivy.basedir" value="/home/redlalitp/VIN_FINAL/coverage" />
    <property name="sun.management.compiler" value="HotSpot Client Compiler" />
    <property name="java.ext.dirs.ivy.instance" value="/usr/lib/jvm/java-8-oracle/jre/lib/ext:/usr/java/packages/lib/ext" />
    <property name="java.awt.graphicsenv" value="sun.awt.X11GraphicsEnvironment" />
    <property name="sonar.dynamicAnalysis" value="reuseReports" />
    <property name="ivy.log.modules.in.use.ivy.instance" value="false" />
    <property name="sun.os.patch.level.ivy.instance" value="unknown" />
    <property name="file.encoding.pkg.ivy.instance" value="sun.io" />
    <property name="ivy.shared.default.ivy.pattern" value="[organisation]/[module]/[revision]/[type]s/[artifact].[ext]" />
    <property name="ivy.resolver.default.check.modified" value="false" />
    <property name="ivy.settings.file.ivy.instance" value="ivysettings.xml" />
    <property name="ivy.cache.dir.ivy.instance" value="/home/redlalitp/.ivy2/cache" />
    <property name="java.vm.specification.version" value="1.8" />
    <property name="ivy.status.ivy.instance" value="integration" />
    <property name="awt.toolkit" value="sun.awt.X11.XToolkit" />
    <property name="sun.cpu.isalist" value="" />
    <property name="file.separator.ivy.instance" value="/" />
    <property name="java.ext.dirs" value="/usr/lib/jvm/java-8-oracle/jre/lib/ext:/usr/java/packages/lib/ext" />
    <property name="ivy.local.default.root.ivy.instance" value="/home/redlalitp/.ivy2/local" />
    <property name="ivy.deps.changed" value="false" />
    <property name="os.version" value="3.13.0-63-generic" />
    <property name="user.home" value="/home/redlalitp" />
    <property name="sun.java.launcher.ivy.instance" value="SUN_STANDARD" />
    <property name="java.vm.vendor" value="Oracle Corporation" />
    <property name="ivy.local.default.root" value="/home/redlalitp/.ivy2/local" />
    <property name="ivy.organisation" value="org.adrian" />
    <property name="user.dir" value="/home/redlalitp/VIN_FINAL/coverage" />
    <property name="ant.library.dir.ivy.instance" value="/usr/share/ant/lib" />
    <property name="ivy.local.default.ivy.pattern" value="[organisation]/[module]/[revision]/[type]s/[artifact].[ext]" />
    <property name="ivy.shared.default.ivy.pattern.ivy.instance" value="[organisation]/[module]/[revision]/[type]s/[artifact].[ext]" />
    <property name="java.vm.info.ivy.instance" value="mixed mode" />
    <property name="ivy.publish.src.artifacts.pattern" value="/home/redlalitp/VIN_FINAL/coverage/distrib/[type]s/[artifact]-[revision](-[classifier]).[ext]" />
    <property name="sun.java.command.ivy.instance" value="org.apache.tools.ant.launch.Launcher -cp " />
    <property name="sonar.java.coveragePlugin" value="jacoco" />
    <property name="ivy.distrib.dir" value="/home/redlalitp/VIN_FINAL/coverage/distrib" />
    <property name="sun.cpu.endian" value="little" />
    <property name="ivy.revision" value="working@redlalitp-VirtualBox" />
    <property name="user.timezone.ivy.instance" value="America/Chicago" />
    <property name="java.vm.version" value="25.60-b23" />
    <property name="java.class.path" value="/home/redlalitp/.ivy2/cache/org.slf4j/slf4j-api/jars/slf4j-api-1.7.6.jar:/home/redlalitp/.ivy2/cache/jstl/jstl/jars/jstl-1.2.jar:/home/redlalitp/.ivy2/cache/ch.qos.logback/logback-classic/jars/logback-classic-1.1.2.jar:/home/redlalitp/.ivy2/cache/ch.qos.logback/logback-core/jars/logback-core-1.1.2.jar:/home/redlalitp/.ivy2/cache/org.springframework/spring-core/jars/spring-core-4.1.3.RELEASE.jar:/home/redlalitp/.ivy2/cache/commons-logging/commons-logging/jars/commons-logging-1.2.jar:/home/redlalitp/.ivy2/cache/org.springframework/spring-beans/jars/spring-beans-4.1.3.RELEASE.jar:/home/redlalitp/.ivy2/cache/org.springframework/spring-context/jars/spring-context-4.1.3.RELEASE.jar:/home/redlalitp/.ivy2/cache/org.springframework/spring-aop/jars/spring-aop-4.1.3.RELEASE.jar:/home/redlalitp/.ivy2/cache/aopalliance/aopalliance/jars/aopalliance-1.0.jar:/home/redlalitp/.ivy2/cache/org.springframework/spring-expression/jars/spring-expression-4.1.3.RELEASE.jar:/home/redlalitp/.ivy2/cache/org.springframework/spring-web/jars/spring-web-4.1.3.RELEASE.jar:/home/redlalitp/.ivy2/cache/org.springframework/spring-webmvc/jars/spring-webmvc-4.1.3.RELEASE.jar:/home/redlalitp/.ivy2/cache/com.google.code.gson/gson/jars/gson-2.0.jar:/home/redlalitp/.ivy2/cache/org.json/json/jars/json-20140107.jar:/home/redlalitp/.ivy2/cache/junit/junit/jars/junit-4.11.jar:/home/redlalitp/.ivy2/cache/org.hamcrest/hamcrest-core/jars/hamcrest-core-1.3.jar:/home/redlalitp/VIN_FINAL/build/classes:/home/redlalitp/VIN_FINAL/build/test-classes:/usr/share/ant/lib/junit.jar:/usr/share/java/ant-launcher-1.9.3.jar:/usr/share/ant/lib/ant.jar:/usr/share/ant/lib/ant-junit.jar:/usr/share/ant/lib/ant-junit4.jar:/tmp/jacocoagent7751685477114276947.jar" />
    <property name="ivy.default.ivy.user.dir" value="/home/redlalitp/.ivy2" />
    <property name="user.home.ivy.instance" value="/home/redlalitp" />
    <property name="basedir.ivy.instance" value="/home/redlalitp/VIN_FINAL/coverage" />
    <property name="ant.library.dir" value="/usr/share/ant/lib" />
    <property name="os.arch" value="i386" />
    <property name="java.awt.graphicsenv.ivy.instance" value="sun.awt.X11GraphicsEnvironment" />
    <property name="java.vendor.url.bug.ivy.instance" value="http://bugreport.sun.com/bugreport/" />
    <property name="java.vm.specification.version.ivy.instance" value="1.8" />
    <property name="sun.java.launcher" value="SUN_STANDARD" />
    <property name="classes.dir" value="../build/classes" />
    <property name="java.awt.printerjob.ivy.instance" value="sun.print.PSPrinterJob" />
    <property name="ivy.settings.dir.ivy.instance" value="jar:file:/home/redlalitp/.ant/lib/ivy.jar!/org/apache/ivy/core/settings" />
    <property name="ant.core.lib" value="/usr/share/ant/lib/ant.jar" />
    <property name="ivy.resolver.default.check.modified.ivy.instance" value="false" />
    <property name="java.vm.specification.vendor" value="Oracle Corporation" />
    <property name="ivy.settings.dir" value="jar:file:/home/redlalitp/.ant/lib/ivy.jar!/org/apache/ivy/core/settings" />
    <property name="file.separator" value="/" />
    <property name="user.language.ivy.instance" value="en" />
    <property name="ivy.shared.default.artifact.pattern.ivy.instance" value="[organisation]/[module]/[revision]/[type]s/[artifact].[ext]" />
    <property name="user.country.ivy.instance" value="US" />
    <property name="ivy.conf.url.ivy.instance" value="jar:file:/home/redlalitp/.ant/lib/ivy.jar!/org/apache/ivy/core/settings/ivysettings.xml" />
    <property name="java.runtime.version" value="1.8.0_60-b27" />
    <property name="java.specification.name.ivy.instance" value="Java Platform API Specification" />
    <property name="reports.dir" value="../build/reports" />
    <property name="sun.boot.class.path" value="/usr/lib/jvm/java-8-oracle/jre/lib/resources.jar:/usr/lib/jvm/java-8-oracle/jre/lib/rt.jar:/usr/lib/jvm/java-8-oracle/jre/lib/sunrsasign.jar:/usr/lib/jvm/java-8-oracle/jre/lib/jsse.jar:/usr/lib/jvm/java-8-oracle/jre/lib/jce.jar:/usr/lib/jvm/java-8-oracle/jre/lib/charsets.jar:/usr/lib/jvm/java-8-oracle/jre/lib/jfr.jar:/usr/lib/jvm/java-8-oracle/jre/classes" />
    <property name="ivy.conf.dir" value="jar:file:/home/redlalitp/.ant/lib/ivy.jar!/org/apache/ivy/core/settings" />
    <property name="ivy.retrieve.pattern" value="/home/redlalitp/VIN_FINAL/coverage/lib/[artifact]-[revision](-[classifier]).[ext]" />
    <property name="user.country" value="US" />
    <property name="ivy.shared.default.root" value="/home/redlalitp/.ivy2/shared" />
    <property name="java.version.ivy.instance" value="1.8.0_60" />
    <property name="ivy.resolved.file" value="/home/redlalitp/VIN_FINAL/coverage/ivy.xml" />
    <property name="os.arch.ivy.instance" value="i386" />
    <property name="java.vendor" value="Oracle Corporation" />
    <property name="ivy.project.dir" value="/home/redlalitp/VIN_FINAL/coverage" />
    <property name="sonar.sources" value="../src" />
    <property name="java.specification.version" value="1.8" />
    <property name="sun.arch.data.model" value="32" />
    <property name="ivy.buildlist.ivyfilepath" value="ivy.xml" />
  </properties>
  <testcase classname="spring15_CS445.model.ShipmentResponseTest" name="testGetWines" time="0.001" />
  <testcase classname="spring15_CS445.model.ShipmentResponseTest" name="testGetDt" time="0.0" />
  <testcase classname="spring15_CS445.model.ShipmentResponseTest" name="testGetSm" time="0.0" />
  <testcase classname="spring15_CS445.model.ShipmentResponseTest" name="testGetWt" time="0.0" />
  <testcase classname="spring15_CS445.model.ShipmentResponseTest" name="testSetDt" time="0.0" />
  <testcase classname="spring15_CS445.model.ShipmentResponseTest" name="testSetSm" time="0.001" />
  <testcase classname="spring15_CS445.model.ShipmentResponseTest" name="testSetWt" time="0.0" />
  <testcase classname="spring15_CS445.model.ShipmentResponseTest" name="testSetStatus" time="0.0" />
  <testcase classname="spring15_CS445.model.ShipmentResponseTest" name="testGetStatus" time="0.0" />
  <testcase classname="spring15_CS445.model.ShipmentResponseTest" name="testSetWines" time="0.0" />
  <system-out><![CDATA[getWines
getDt
getSm
getWt
setDt
setSm
setWt
setStatus
getStatus
setWines
]]></system-out>
  <system-err><![CDATA[]]></system-err>
</testsuite>
